<html xmlns:math="http://exslt.org/math" xmlns:testng="http://testng.org">
   <head>
      <title>TestNG Results</title>
      <meta http-equiv="content-type" content="text/html; charset=utf-8"></meta>
      <meta http-equiv="pragma" content="no-cache"></meta>
      <meta http-equiv="cache-control" content="max-age=0"></meta>
      <meta http-equiv="cache-control" content="no-cache"></meta>
      <meta http-equiv="cache-control" content="no-store"></meta>
      <LINK rel="stylesheet" href="style.css"></LINK>
      <script type="text/javascript" src="main.js"></script>
   </head>
   <body>
      <table width="100%" style="font-size: 16px; margin-bottom: 10px;" cellspacing="1">
         <tr>
            <td width="100%">
               Test case
               
               <b>Test</b>
            </td>
            <td style="background-color: #FFBBBB; padding: 3px 3px 3px 0;" align="center">
               <div style="width: 50px;">1</div>
            </td>
            <td style="background-color: lightgreen; padding: 3px 3px 3px 0;" align="center">
               <div style="width: 50px;">3</div>
            </td>
            <td style="background-color: #FFFFBB; padding: 3px 3px 3px 0;" align="center">
               <div style="width: 50px;">0</div>
            </td>
            <td align="center" style="background-color: #eaf0f7; padding: 3px 3px 3px 0;">
               <div style="width: 50px;">4</div>
            </td>
            <td align="center"
                style="font-weight: bold; background-color: #eaf0f7; padding: 3px 3px 3px 0;">
               <div style="width: 50px;">75%</div>
            </td>
            <td style="background-color: #eaf0f7; padding: 3px 3px 3px 0;" align="center"
                nowrap="true">50s
               
            </td>
         </tr>
      </table>
      <div style="width: 200px;">
         <label for="groupMethodsCheckBox" style="font-weight: bold; margin: 0;">
            <input id="groupMethodsCheckBox" type="checkbox" onclick="switchTestMethodsView(this)"
                   checked=""></input>
            Group by class
            
         </label>
         <br></br>
         <label for="methodsFilter_ALL" style="font-weight: bold; margin: 0;">
            <input id="methodsFilter_ALL" type="checkbox"
                   onclick="testMethodsFilterChanged(this, 'ALL')"
                   checked=""></input>
            All
            
         </label>
      </div>
      <label for="methodsFilter_FAIL" style="margin-left: 20px;">
         <input id="methodsFilter_FAIL" type="checkbox"
                onclick="testMethodsFilterChanged(this, 'FAIL')"
                checked=""></input>
         Failed
         
      </label>
      <label for="methodsFilter_PASS">
         <input id="methodsFilter_PASS" type="checkbox"
                onclick="testMethodsFilterChanged(this, 'PASS')"
                checked=""></input>
         Passed
         
      </label>
      <label for="methodsFilter_SKIP">
         <input id="methodsFilter_SKIP" type="checkbox"
                onclick="testMethodsFilterChanged(this, 'SKIP')"
                checked=""></input>
         Skipped
         
      </label>
      <label for="methodsFilter_CONF">
         <input id="methodsFilter_CONF" type="checkbox"
                onclick="testMethodsFilterChanged(this, 'CONF')"
                checked=""></input>
         Config
         
      </label>
      <br></br>
      <div id="testMethodsByStatus" style="display: none;">
         <table class="testMethodsTable" cellpadding="0" cellspacing="0">
            <tr class="methodsTableHeader">
               <td width="100%">Name</td>
               <td nowrap="true">Started</td>
               <td nowrap="true">Duration</td>
               <td>Exception</td>
            </tr>
            <tr id="test.Logintest_loginverify_byStatus_failed_FAIL1_row"
                class="testMethodStatusFAIL">
               <td width="100%" class="firstMethodCell">
                  <a onclick="toggleDetailsVisibility('test.Logintest_loginverify_byStatus_failed_FAIL1_details')">loginverify()</a>
               </td>
               <td nowrap="true">11:05:14</td>
               <td nowrap="true" align="right">20s
                  
               </td>
               <td nowrap="true">
                  <a onclick="toggleDetailsVisibility('test.Logintest_loginverify_byStatus_failed_FAIL1_exception')">org.openqa.selenium.NoSuchElementException: 
                     Unable to locate element: //*[@id='react-root']/div/div/div/main/div/div/div/div/div/div[1]/div[1]/div/div/div/div/div[1]/div/h2/span
                     For documentation on this error, please visit: https://www.seleniumhq.org/exceptions/no_such_element.html
                     Build info: version: '3.141.59', revision: 'e82be7d358', time: '2018-11-14T08:25:48'
                     System info: host: 'DESKTOP-DKE3O53', ip: '192.168.1.4', os.name: 'Windows 10', os.arch: 'amd64', os.version: '10.0', java.version:
                     '1.8.0_211'
                     Driver info: org.openqa.selenium.firefox.FirefoxDriver
                     Capabilities {acceptInsecureCerts: true, browserName: firefox, browserVersion: 69.0.1, javascriptEnabled: true, moz:accessibilityChecks:
                     false, moz:buildID: 20190917135527, moz:geckodriverVersion: 0.26.0, moz:headless: false, moz:processID: 12712, moz:profile:
                     C:\Users\shabbir.DESKTOP-DK..., moz:shutdownTimeout: 60000, moz:useNonSpecCompliantPointerOrigin: false, moz:webdriverClick:
                     true, pageLoadStrategy: normal, platform: WINDOWS, platformName: WINDOWS, platformVersion: 10.0, rotatable: false, setWindowRect:
                     true, strictFileInteractability: false, timeouts: {implicit: 0, pageLoad: 300000, script: 30000}, unhandledPromptBehavior:
                     dismiss and notify}
                     Session ID: 878b40f5-8b7e-4ac2-90e4-8983183850c8
                     *** Element info: {Using=xpath, value=//*[@id='react-root']/div/div/div/main/div/div/div/div/div/div[1]/div[1]/div/div/div/div/div[1]/div/h2/span}
                     
                  </a>
                   
                  
               </td>
            </tr>
            <tr>
               <td colspan="4" class="detailsBox">
                  <div id="test.Logintest_loginverify_byStatus_failed_FAIL1_details"
                       class="testMethodDetails">
                     <div>
                        <b>Name: </b>loginverify
                     </div>
                     <div>
                        <b>Signature: </b>loginverify()[pri:0, instance:test.Logintest@57536d79]
                     </div>
                     <div>
                        <b>Start time: </b>11:05:14
                     </div>
                     <div>
                        <b>End time: </b>11:05:34
                     </div>
                     <div>
                        <b>Duration: </b>20s
                        
                     </div>
                  </div>
               </td>
            </tr>
            <tr>
               <td colspan="4" class="detailsBox">
                  <div id="test.Logintest_loginverify_byStatus_failed_FAIL1_exception"
                       class="testMethodDetails">
                     <pre style="padding: 5px; margin: 0;">org.openqa.selenium.NoSuchElementException: Unable to locate element: //*[@id='react-root']/div/div/div/main/div/div/div/div/div/div[1]/div[1]/div/div/div/div/div[1]/div/h2/span
                        For documentation on this error, please visit: https://www.seleniumhq.org/exceptions/no_such_element.html
                        Build info: version: '3.141.59', revision: 'e82be7d358', time: '2018-11-14T08:25:48'
                        System info: host: 'DESKTOP-DKE3O53', ip: '192.168.1.4', os.name: 'Windows 10', os.arch: 'amd64', os.version: '10.0', java.version:
                        '1.8.0_211'
                        Driver info: org.openqa.selenium.firefox.FirefoxDriver
                        Capabilities {acceptInsecureCerts: true, browserName: firefox, browserVersion: 69.0.1, javascriptEnabled: true, moz:accessibilityChecks:
                        false, moz:buildID: 20190917135527, moz:geckodriverVersion: 0.26.0, moz:headless: false, moz:processID: 12712, moz:profile:
                        C:\Users\shabbir.DESKTOP-DK..., moz:shutdownTimeout: 60000, moz:useNonSpecCompliantPointerOrigin: false, moz:webdriverClick:
                        true, pageLoadStrategy: normal, platform: WINDOWS, platformName: WINDOWS, platformVersion: 10.0, rotatable: false, setWindowRect:
                        true, strictFileInteractability: false, timeouts: {implicit: 0, pageLoad: 300000, script: 30000}, unhandledPromptBehavior:
                        dismiss and notify}
                        Session ID: 878b40f5-8b7e-4ac2-90e4-8983183850c8
                        *** Element info: {Using=xpath, value=//*[@id='react-root']/div/div/div/main/div/div/div/div/div/div[1]/div[1]/div/div/div/div/div[1]/div/h2/span}
                        at sun.reflect.NativeConstructorAccessorImpl.newInstance0(Native Method)
                        at sun.reflect.NativeConstructorAccessorImpl.newInstance(Unknown Source)
                        at sun.reflect.DelegatingConstructorAccessorImpl.newInstance(Unknown Source)
                        at java.lang.reflect.Constructor.newInstance(Unknown Source)
                        at org.openqa.selenium.remote.http.W3CHttpResponseCodec.createException(W3CHttpResponseCodec.java:187)
                        at org.openqa.selenium.remote.http.W3CHttpResponseCodec.decode(W3CHttpResponseCodec.java:122)
                        at org.openqa.selenium.remote.http.W3CHttpResponseCodec.decode(W3CHttpResponseCodec.java:49)
                        at org.openqa.selenium.remote.HttpCommandExecutor.execute(HttpCommandExecutor.java:158)
                        at org.openqa.selenium.remote.service.DriverCommandExecutor.execute(DriverCommandExecutor.java:83)
                        at org.openqa.selenium.remote.RemoteWebDriver.execute(RemoteWebDriver.java:552)
                        at org.openqa.selenium.remote.RemoteWebDriver.findElement(RemoteWebDriver.java:323)
                        at org.openqa.selenium.remote.RemoteWebDriver.findElementByXPath(RemoteWebDriver.java:428)
                        at org.openqa.selenium.By$ByXPath.findElement(By.java:353)
                        at org.openqa.selenium.remote.RemoteWebDriver.findElement(RemoteWebDriver.java:315)
                        at test.Logintest.loginverify(Logintest.java:37)
                        at sun.reflect.NativeMethodAccessorImpl.invoke0(Native Method)
                        at sun.reflect.NativeMethodAccessorImpl.invoke(Unknown Source)
                        at sun.reflect.DelegatingMethodAccessorImpl.invoke(Unknown Source)
                        at java.lang.reflect.Method.invoke(Unknown Source)
                        at org.testng.internal.MethodInvocationHelper.invokeMethod(MethodInvocationHelper.java:133)
                        at org.testng.internal.TestInvoker.invokeMethod(TestInvoker.java:584)
                        at org.testng.internal.TestInvoker.invokeTestMethod(TestInvoker.java:172)
                        at org.testng.internal.MethodRunner.runInSequence(MethodRunner.java:46)
                        at org.testng.internal.TestInvoker$MethodInvocationAgent.invoke(TestInvoker.java:804)
                        at org.testng.internal.TestInvoker.invokeTestMethods(TestInvoker.java:145)
                        at org.testng.internal.TestMethodWorker.invokeTestMethods(TestMethodWorker.java:146)
                        at org.testng.internal.TestMethodWorker.run(TestMethodWorker.java:128)
                        at java.util.ArrayList.forEach(Unknown Source)
                        at org.testng.TestRunner.privateRun(TestRunner.java:770)
                        at org.testng.TestRunner.run(TestRunner.java:591)
                        at org.testng.SuiteRunner.runTest(SuiteRunner.java:402)
                        at org.testng.SuiteRunner.runSequentially(SuiteRunner.java:396)
                        at org.testng.SuiteRunner.privateRun(SuiteRunner.java:355)
                        at org.testng.SuiteRunner.run(SuiteRunner.java:304)
                        at org.testng.SuiteRunnerWorker.runSuite(SuiteRunnerWorker.java:53)
                        at org.testng.SuiteRunnerWorker.run(SuiteRunnerWorker.java:96)
                        at org.testng.TestNG.runSuitesSequentially(TestNG.java:1180)
                        at org.testng.TestNG.runSuitesLocally(TestNG.java:1102)
                        at org.testng.TestNG.runSuites(TestNG.java:1032)
                        at org.testng.TestNG.run(TestNG.java:1000)
                        at org.testng.remote.AbstractRemoteTestNG.run(AbstractRemoteTestNG.java:115)
                        at org.testng.remote.RemoteTestNG.initAndRun(RemoteTestNG.java:251)
                        at org.testng.remote.RemoteTestNG.main(RemoteTestNG.java:77)
                     </pre>
                  </div>
               </td>
            </tr>
            <tr id="test.Logintest_browser_byStatus_passed_PASS1_row"
                class="testMethodStatusPASS testMethodStatusCONF">
               <td width="100%" class="firstMethodCell">
                  <a onclick="toggleDetailsVisibility('test.Logintest_browser_byStatus_passed_PASS1_details')">browser()</a>
               </td>
               <td nowrap="true">11:05:07</td>
               <td nowrap="true" align="right">7s
                  
               </td>
               <td nowrap="true">
                   
                  
               </td>
            </tr>
            <tr>
               <td colspan="4" class="detailsBox">
                  <div id="test.Logintest_browser_byStatus_passed_PASS1_details"
                       class="testMethodDetails">
                     <div>
                        <b>Name: </b>browser
                     </div>
                     <div>
                        <b>Signature: </b>browser()[pri:0, instance:test.Logintest@57536d79]
                     </div>
                     <div>
                        <b>Start time: </b>11:05:07
                     </div>
                     <div>
                        <b>End time: </b>11:05:14
                     </div>
                     <div>
                        <b>Duration: </b>7s
                        
                     </div>
                  </div>
               </td>
            </tr>
            <tr></tr>
            <tr id="test.Logintest_afterEachMethod_byStatus_passed_PASS2_row"
                class="testMethodStatusPASS testMethodStatusCONF">
               <td width="100%" class="firstMethodCell">
                  <a onclick="toggleDetailsVisibility('test.Logintest_afterEachMethod_byStatus_passed_PASS2_details')">afterEachMethod()</a>
               </td>
               <td nowrap="true">11:05:34</td>
               <td nowrap="true" align="right">1s
                  
               </td>
               <td nowrap="true">
                   
                  
               </td>
            </tr>
            <tr>
               <td colspan="4" class="detailsBox">
                  <div id="test.Logintest_afterEachMethod_byStatus_passed_PASS2_details"
                       class="testMethodDetails">
                     <div>
                        <b>Name: </b>afterEachMethod
                     </div>
                     <div>
                        <b>Signature: </b>afterEachMethod()[pri:0, instance:test.Logintest@57536d79]
                     </div>
                     <div>
                        <b>Start time: </b>11:05:34
                     </div>
                     <div>
                        <b>End time: </b>11:05:36
                     </div>
                     <div>
                        <b>Duration: </b>1s
                        
                     </div>
                  </div>
               </td>
            </tr>
            <tr></tr>
            <tr id="test.Logintest_browser_byStatus_passed_PASS3_row"
                class="testMethodStatusPASS testMethodStatusCONF">
               <td width="100%" class="firstMethodCell">
                  <a onclick="toggleDetailsVisibility('test.Logintest_browser_byStatus_passed_PASS3_details')">browser()</a>
               </td>
               <td nowrap="true">11:05:36</td>
               <td nowrap="true" align="right">5s
                  
               </td>
               <td nowrap="true">
                   
                  
               </td>
            </tr>
            <tr>
               <td colspan="4" class="detailsBox">
                  <div id="test.Logintest_browser_byStatus_passed_PASS3_details"
                       class="testMethodDetails">
                     <div>
                        <b>Name: </b>browser
                     </div>
                     <div>
                        <b>Signature: </b>browser()[pri:0, instance:test.Logintest@57536d79]
                     </div>
                     <div>
                        <b>Start time: </b>11:05:36
                     </div>
                     <div>
                        <b>End time: </b>11:05:41
                     </div>
                     <div>
                        <b>Duration: </b>5s
                        
                     </div>
                  </div>
               </td>
            </tr>
            <tr></tr>
            <tr id="test.Logintest_loginwthinvalidpass_byStatus_passed_PASS4_row"
                class="testMethodStatusPASS">
               <td width="100%" class="firstMethodCell">
                  <a onclick="toggleDetailsVisibility('test.Logintest_loginwthinvalidpass_byStatus_passed_PASS4_details')">loginwthinvalidpass()</a>
               </td>
               <td nowrap="true">11:05:41</td>
               <td nowrap="true" align="right">1s
                  
               </td>
               <td nowrap="true">
                   
                  
               </td>
            </tr>
            <tr>
               <td colspan="4" class="detailsBox">
                  <div id="test.Logintest_loginwthinvalidpass_byStatus_passed_PASS4_details"
                       class="testMethodDetails">
                     <div>
                        <b>Name: </b>loginwthinvalidpass
                     </div>
                     <div>
                        <b>Signature: </b>loginwthinvalidpass()[pri:0, instance:test.Logintest@57536d79]
                     </div>
                     <div>
                        <b>Start time: </b>11:05:41
                     </div>
                     <div>
                        <b>End time: </b>11:05:43
                     </div>
                     <div>
                        <b>Duration: </b>1s
                        
                     </div>
                  </div>
               </td>
            </tr>
            <tr></tr>
            <tr id="test.Logintest_afterEachMethod_byStatus_passed_PASS5_row"
                class="testMethodStatusPASS testMethodStatusCONF">
               <td width="100%" class="firstMethodCell">
                  <a onclick="toggleDetailsVisibility('test.Logintest_afterEachMethod_byStatus_passed_PASS5_details')">afterEachMethod()</a>
               </td>
               <td nowrap="true">11:05:43</td>
               <td nowrap="true" align="right">1s
                  
               </td>
               <td nowrap="true">
                   
                  
               </td>
            </tr>
            <tr>
               <td colspan="4" class="detailsBox">
                  <div id="test.Logintest_afterEachMethod_byStatus_passed_PASS5_details"
                       class="testMethodDetails">
                     <div>
                        <b>Name: </b>afterEachMethod
                     </div>
                     <div>
                        <b>Signature: </b>afterEachMethod()[pri:0, instance:test.Logintest@57536d79]
                     </div>
                     <div>
                        <b>Start time: </b>11:05:43
                     </div>
                     <div>
                        <b>End time: </b>11:05:44
                     </div>
                     <div>
                        <b>Duration: </b>1s
                        
                     </div>
                  </div>
               </td>
            </tr>
            <tr></tr>
            <tr id="test.Logintest_browser_byStatus_passed_PASS6_row"
                class="testMethodStatusPASS testMethodStatusCONF">
               <td width="100%" class="firstMethodCell">
                  <a onclick="toggleDetailsVisibility('test.Logintest_browser_byStatus_passed_PASS6_details')">browser()</a>
               </td>
               <td nowrap="true">11:05:44</td>
               <td nowrap="true" align="right">4s
                  
               </td>
               <td nowrap="true">
                   
                  
               </td>
            </tr>
            <tr>
               <td colspan="4" class="detailsBox">
                  <div id="test.Logintest_browser_byStatus_passed_PASS6_details"
                       class="testMethodDetails">
                     <div>
                        <b>Name: </b>browser
                     </div>
                     <div>
                        <b>Signature: </b>browser()[pri:0, instance:test.Logintest@57536d79]
                     </div>
                     <div>
                        <b>Start time: </b>11:05:44
                     </div>
                     <div>
                        <b>End time: </b>11:05:49
                     </div>
                     <div>
                        <b>Duration: </b>4s
                        
                     </div>
                  </div>
               </td>
            </tr>
            <tr></tr>
            <tr id="test.Logintest_twitterlogin_byStatus_passed_PASS7_row"
                class="testMethodStatusPASS">
               <td width="100%" class="firstMethodCell">
                  <a onclick="toggleDetailsVisibility('test.Logintest_twitterlogin_byStatus_passed_PASS7_details')">twitterlogin()</a>
               </td>
               <td nowrap="true">11:05:49</td>
               <td nowrap="true" align="right">769 ms
                  
               </td>
               <td nowrap="true">
                   
                  
               </td>
            </tr>
            <tr>
               <td colspan="4" class="detailsBox">
                  <div id="test.Logintest_twitterlogin_byStatus_passed_PASS7_details"
                       class="testMethodDetails">
                     <div>
                        <b>Name: </b>twitterlogin
                     </div>
                     <div>
                        <b>Signature: </b>twitterlogin()[pri:0, instance:test.Logintest@57536d79]
                     </div>
                     <div>
                        <b>Start time: </b>11:05:49
                     </div>
                     <div>
                        <b>End time: </b>11:05:49
                     </div>
                     <div>
                        <b>Duration: </b>769 ms
                        
                     </div>
                  </div>
               </td>
            </tr>
            <tr></tr>
            <tr id="test.Logintest_afterEachMethod_byStatus_passed_PASS8_row"
                class="testMethodStatusPASS testMethodStatusCONF">
               <td width="100%" class="firstMethodCell">
                  <a onclick="toggleDetailsVisibility('test.Logintest_afterEachMethod_byStatus_passed_PASS8_details')">afterEachMethod()</a>
               </td>
               <td nowrap="true">11:05:49</td>
               <td nowrap="true" align="right">1s
                  
               </td>
               <td nowrap="true">
                   
                  
               </td>
            </tr>
            <tr>
               <td colspan="4" class="detailsBox">
                  <div id="test.Logintest_afterEachMethod_byStatus_passed_PASS8_details"
                       class="testMethodDetails">
                     <div>
                        <b>Name: </b>afterEachMethod
                     </div>
                     <div>
                        <b>Signature: </b>afterEachMethod()[pri:0, instance:test.Logintest@57536d79]
                     </div>
                     <div>
                        <b>Start time: </b>11:05:49
                     </div>
                     <div>
                        <b>End time: </b>11:05:51
                     </div>
                     <div>
                        <b>Duration: </b>1s
                        
                     </div>
                  </div>
               </td>
            </tr>
            <tr></tr>
            <tr id="test.Logintest_browser_byStatus_passed_PASS9_row"
                class="testMethodStatusPASS testMethodStatusCONF">
               <td width="100%" class="firstMethodCell">
                  <a onclick="toggleDetailsVisibility('test.Logintest_browser_byStatus_passed_PASS9_details')">browser()</a>
               </td>
               <td nowrap="true">11:05:51</td>
               <td nowrap="true" align="right">5s
                  
               </td>
               <td nowrap="true">
                   
                  
               </td>
            </tr>
            <tr>
               <td colspan="4" class="detailsBox">
                  <div id="test.Logintest_browser_byStatus_passed_PASS9_details"
                       class="testMethodDetails">
                     <div>
                        <b>Name: </b>browser
                     </div>
                     <div>
                        <b>Signature: </b>browser()[pri:0, instance:test.Logintest@57536d79]
                     </div>
                     <div>
                        <b>Start time: </b>11:05:51
                     </div>
                     <div>
                        <b>End time: </b>11:05:56
                     </div>
                     <div>
                        <b>Duration: </b>5s
                        
                     </div>
                  </div>
               </td>
            </tr>
            <tr></tr>
            <tr id="test.Logintest_twitterurltest_byStatus_passed_PASS10_row"
                class="testMethodStatusPASS">
               <td width="100%" class="firstMethodCell">
                  <a onclick="toggleDetailsVisibility('test.Logintest_twitterurltest_byStatus_passed_PASS10_details')">twitterurltest()</a>
               </td>
               <td nowrap="true">11:05:56</td>
               <td nowrap="true" align="right">6 ms
                  
               </td>
               <td nowrap="true">
                   
                  
               </td>
            </tr>
            <tr>
               <td colspan="4" class="detailsBox">
                  <div id="test.Logintest_twitterurltest_byStatus_passed_PASS10_details"
                       class="testMethodDetails">
                     <div>
                        <b>Name: </b>twitterurltest
                     </div>
                     <div>
                        <b>Signature: </b>twitterurltest()[pri:0, instance:test.Logintest@57536d79]
                     </div>
                     <div>
                        <b>Start time: </b>11:05:56
                     </div>
                     <div>
                        <b>End time: </b>11:05:56
                     </div>
                     <div>
                        <b>Duration: </b>6 ms
                        
                     </div>
                  </div>
               </td>
            </tr>
            <tr></tr>
            <tr id="test.Logintest_afterEachMethod_byStatus_passed_PASS11_row"
                class="testMethodStatusPASS testMethodStatusCONF">
               <td width="100%" class="firstMethodCell">
                  <a onclick="toggleDetailsVisibility('test.Logintest_afterEachMethod_byStatus_passed_PASS11_details')">afterEachMethod()</a>
               </td>
               <td nowrap="true">11:05:56</td>
               <td nowrap="true" align="right">1s
                  
               </td>
               <td nowrap="true">
                   
                  
               </td>
            </tr>
            <tr>
               <td colspan="4" class="detailsBox">
                  <div id="test.Logintest_afterEachMethod_byStatus_passed_PASS11_details"
                       class="testMethodDetails">
                     <div>
                        <b>Name: </b>afterEachMethod
                     </div>
                     <div>
                        <b>Signature: </b>afterEachMethod()[pri:0, instance:test.Logintest@57536d79]
                     </div>
                     <div>
                        <b>Start time: </b>11:05:56
                     </div>
                     <div>
                        <b>End time: </b>11:05:57
                     </div>
                     <div>
                        <b>Duration: </b>1s
                        
                     </div>
                  </div>
               </td>
            </tr>
            <tr></tr>
         </table>
      </div>
      <div id="testMethodsByClass">
         <table class="testMethodsTable" cellpadding="0" cellspacing="0">
            <tr>
               <td colspan="4">
                  <h3 style="display: inline;">test.Logintest</h3>
               </td>
            </tr>
            <tr class="methodsTableHeader">
               <td width="100%">Name</td>
               <td nowrap="true">Started</td>
               <td nowrap="true">Duration</td>
               <td>Exception</td>
            </tr>
            <tr id="test.Logintest_browser_byClass_PASS1_row"
                class="testMethodStatusPASS testMethodStatusCONF">
               <td width="100%" class="firstMethodCell">
                  <a onclick="toggleDetailsVisibility('test.Logintest_browser_byClass_PASS1_details')">browser()</a>
               </td>
               <td nowrap="true">11:05:07</td>
               <td nowrap="true" align="right">7s
                  
               </td>
               <td nowrap="true">
                   
                  
               </td>
            </tr>
            <tr>
               <td colspan="4" class="detailsBox">
                  <div id="test.Logintest_browser_byClass_PASS1_details" class="testMethodDetails">
                     <div>
                        <b>Name: </b>browser
                     </div>
                     <div>
                        <b>Signature: </b>browser()[pri:0, instance:test.Logintest@57536d79]
                     </div>
                     <div>
                        <b>Start time: </b>11:05:07
                     </div>
                     <div>
                        <b>End time: </b>11:05:14
                     </div>
                     <div>
                        <b>Duration: </b>7s
                        
                     </div>
                  </div>
               </td>
            </tr>
            <tr></tr>
            <tr id="test.Logintest_loginverify_byClass_FAIL2_row" class="testMethodStatusFAIL">
               <td width="100%" class="firstMethodCell">
                  <a onclick="toggleDetailsVisibility('test.Logintest_loginverify_byClass_FAIL2_details')">loginverify()</a>
               </td>
               <td nowrap="true">11:05:14</td>
               <td nowrap="true" align="right">20s
                  
               </td>
               <td nowrap="true">
                  <a onclick="toggleDetailsVisibility('test.Logintest_loginverify_byClass_FAIL2_exception')">org.openqa.selenium.NoSuchElementException: 
                     Unable to locate element: //*[@id='react-root']/div/div/div/main/div/div/div/div/div/div[1]/div[1]/div/div/div/div/div[1]/div/h2/span
                     For documentation on this error, please visit: https://www.seleniumhq.org/exceptions/no_such_element.html
                     Build info: version: '3.141.59', revision: 'e82be7d358', time: '2018-11-14T08:25:48'
                     System info: host: 'DESKTOP-DKE3O53', ip: '192.168.1.4', os.name: 'Windows 10', os.arch: 'amd64', os.version: '10.0', java.version:
                     '1.8.0_211'
                     Driver info: org.openqa.selenium.firefox.FirefoxDriver
                     Capabilities {acceptInsecureCerts: true, browserName: firefox, browserVersion: 69.0.1, javascriptEnabled: true, moz:accessibilityChecks:
                     false, moz:buildID: 20190917135527, moz:geckodriverVersion: 0.26.0, moz:headless: false, moz:processID: 12712, moz:profile:
                     C:\Users\shabbir.DESKTOP-DK..., moz:shutdownTimeout: 60000, moz:useNonSpecCompliantPointerOrigin: false, moz:webdriverClick:
                     true, pageLoadStrategy: normal, platform: WINDOWS, platformName: WINDOWS, platformVersion: 10.0, rotatable: false, setWindowRect:
                     true, strictFileInteractability: false, timeouts: {implicit: 0, pageLoad: 300000, script: 30000}, unhandledPromptBehavior:
                     dismiss and notify}
                     Session ID: 878b40f5-8b7e-4ac2-90e4-8983183850c8
                     *** Element info: {Using=xpath, value=//*[@id='react-root']/div/div/div/main/div/div/div/div/div/div[1]/div[1]/div/div/div/div/div[1]/div/h2/span}
                     
                  </a>
                   
                  
               </td>
            </tr>
            <tr>
               <td colspan="4" class="detailsBox">
                  <div id="test.Logintest_loginverify_byClass_FAIL2_details" class="testMethodDetails">
                     <div>
                        <b>Name: </b>loginverify
                     </div>
                     <div>
                        <b>Signature: </b>loginverify()[pri:0, instance:test.Logintest@57536d79]
                     </div>
                     <div>
                        <b>Start time: </b>11:05:14
                     </div>
                     <div>
                        <b>End time: </b>11:05:34
                     </div>
                     <div>
                        <b>Duration: </b>20s
                        
                     </div>
                  </div>
               </td>
            </tr>
            <tr>
               <td colspan="4" class="detailsBox">
                  <div id="test.Logintest_loginverify_byClass_FAIL2_exception"
                       class="testMethodDetails">
                     <pre style="padding: 5px; margin: 0;">org.openqa.selenium.NoSuchElementException: Unable to locate element: //*[@id='react-root']/div/div/div/main/div/div/div/div/div/div[1]/div[1]/div/div/div/div/div[1]/div/h2/span
                        For documentation on this error, please visit: https://www.seleniumhq.org/exceptions/no_such_element.html
                        Build info: version: '3.141.59', revision: 'e82be7d358', time: '2018-11-14T08:25:48'
                        System info: host: 'DESKTOP-DKE3O53', ip: '192.168.1.4', os.name: 'Windows 10', os.arch: 'amd64', os.version: '10.0', java.version:
                        '1.8.0_211'
                        Driver info: org.openqa.selenium.firefox.FirefoxDriver
                        Capabilities {acceptInsecureCerts: true, browserName: firefox, browserVersion: 69.0.1, javascriptEnabled: true, moz:accessibilityChecks:
                        false, moz:buildID: 20190917135527, moz:geckodriverVersion: 0.26.0, moz:headless: false, moz:processID: 12712, moz:profile:
                        C:\Users\shabbir.DESKTOP-DK..., moz:shutdownTimeout: 60000, moz:useNonSpecCompliantPointerOrigin: false, moz:webdriverClick:
                        true, pageLoadStrategy: normal, platform: WINDOWS, platformName: WINDOWS, platformVersion: 10.0, rotatable: false, setWindowRect:
                        true, strictFileInteractability: false, timeouts: {implicit: 0, pageLoad: 300000, script: 30000}, unhandledPromptBehavior:
                        dismiss and notify}
                        Session ID: 878b40f5-8b7e-4ac2-90e4-8983183850c8
                        *** Element info: {Using=xpath, value=//*[@id='react-root']/div/div/div/main/div/div/div/div/div/div[1]/div[1]/div/div/div/div/div[1]/div/h2/span}
                        at sun.reflect.NativeConstructorAccessorImpl.newInstance0(Native Method)
                        at sun.reflect.NativeConstructorAccessorImpl.newInstance(Unknown Source)
                        at sun.reflect.DelegatingConstructorAccessorImpl.newInstance(Unknown Source)
                        at java.lang.reflect.Constructor.newInstance(Unknown Source)
                        at org.openqa.selenium.remote.http.W3CHttpResponseCodec.createException(W3CHttpResponseCodec.java:187)
                        at org.openqa.selenium.remote.http.W3CHttpResponseCodec.decode(W3CHttpResponseCodec.java:122)
                        at org.openqa.selenium.remote.http.W3CHttpResponseCodec.decode(W3CHttpResponseCodec.java:49)
                        at org.openqa.selenium.remote.HttpCommandExecutor.execute(HttpCommandExecutor.java:158)
                        at org.openqa.selenium.remote.service.DriverCommandExecutor.execute(DriverCommandExecutor.java:83)
                        at org.openqa.selenium.remote.RemoteWebDriver.execute(RemoteWebDriver.java:552)
                        at org.openqa.selenium.remote.RemoteWebDriver.findElement(RemoteWebDriver.java:323)
                        at org.openqa.selenium.remote.RemoteWebDriver.findElementByXPath(RemoteWebDriver.java:428)
                        at org.openqa.selenium.By$ByXPath.findElement(By.java:353)
                        at org.openqa.selenium.remote.RemoteWebDriver.findElement(RemoteWebDriver.java:315)
                        at test.Logintest.loginverify(Logintest.java:37)
                        at sun.reflect.NativeMethodAccessorImpl.invoke0(Native Method)
                        at sun.reflect.NativeMethodAccessorImpl.invoke(Unknown Source)
                        at sun.reflect.DelegatingMethodAccessorImpl.invoke(Unknown Source)
                        at java.lang.reflect.Method.invoke(Unknown Source)
                        at org.testng.internal.MethodInvocationHelper.invokeMethod(MethodInvocationHelper.java:133)
                        at org.testng.internal.TestInvoker.invokeMethod(TestInvoker.java:584)
                        at org.testng.internal.TestInvoker.invokeTestMethod(TestInvoker.java:172)
                        at org.testng.internal.MethodRunner.runInSequence(MethodRunner.java:46)
                        at org.testng.internal.TestInvoker$MethodInvocationAgent.invoke(TestInvoker.java:804)
                        at org.testng.internal.TestInvoker.invokeTestMethods(TestInvoker.java:145)
                        at org.testng.internal.TestMethodWorker.invokeTestMethods(TestMethodWorker.java:146)
                        at org.testng.internal.TestMethodWorker.run(TestMethodWorker.java:128)
                        at java.util.ArrayList.forEach(Unknown Source)
                        at org.testng.TestRunner.privateRun(TestRunner.java:770)
                        at org.testng.TestRunner.run(TestRunner.java:591)
                        at org.testng.SuiteRunner.runTest(SuiteRunner.java:402)
                        at org.testng.SuiteRunner.runSequentially(SuiteRunner.java:396)
                        at org.testng.SuiteRunner.privateRun(SuiteRunner.java:355)
                        at org.testng.SuiteRunner.run(SuiteRunner.java:304)
                        at org.testng.SuiteRunnerWorker.runSuite(SuiteRunnerWorker.java:53)
                        at org.testng.SuiteRunnerWorker.run(SuiteRunnerWorker.java:96)
                        at org.testng.TestNG.runSuitesSequentially(TestNG.java:1180)
                        at org.testng.TestNG.runSuitesLocally(TestNG.java:1102)
                        at org.testng.TestNG.runSuites(TestNG.java:1032)
                        at org.testng.TestNG.run(TestNG.java:1000)
                        at org.testng.remote.AbstractRemoteTestNG.run(AbstractRemoteTestNG.java:115)
                        at org.testng.remote.RemoteTestNG.initAndRun(RemoteTestNG.java:251)
                        at org.testng.remote.RemoteTestNG.main(RemoteTestNG.java:77)
                     </pre>
                  </div>
               </td>
            </tr>
            <tr id="test.Logintest_afterEachMethod_byClass_PASS3_row"
                class="testMethodStatusPASS testMethodStatusCONF">
               <td width="100%" class="firstMethodCell">
                  <a onclick="toggleDetailsVisibility('test.Logintest_afterEachMethod_byClass_PASS3_details')">afterEachMethod()</a>
               </td>
               <td nowrap="true">11:05:34</td>
               <td nowrap="true" align="right">1s
                  
               </td>
               <td nowrap="true">
                   
                  
               </td>
            </tr>
            <tr>
               <td colspan="4" class="detailsBox">
                  <div id="test.Logintest_afterEachMethod_byClass_PASS3_details"
                       class="testMethodDetails">
                     <div>
                        <b>Name: </b>afterEachMethod
                     </div>
                     <div>
                        <b>Signature: </b>afterEachMethod()[pri:0, instance:test.Logintest@57536d79]
                     </div>
                     <div>
                        <b>Start time: </b>11:05:34
                     </div>
                     <div>
                        <b>End time: </b>11:05:36
                     </div>
                     <div>
                        <b>Duration: </b>1s
                        
                     </div>
                  </div>
               </td>
            </tr>
            <tr></tr>
            <tr id="test.Logintest_browser_byClass_PASS4_row"
                class="testMethodStatusPASS testMethodStatusCONF">
               <td width="100%" class="firstMethodCell">
                  <a onclick="toggleDetailsVisibility('test.Logintest_browser_byClass_PASS4_details')">browser()</a>
               </td>
               <td nowrap="true">11:05:36</td>
               <td nowrap="true" align="right">5s
                  
               </td>
               <td nowrap="true">
                   
                  
               </td>
            </tr>
            <tr>
               <td colspan="4" class="detailsBox">
                  <div id="test.Logintest_browser_byClass_PASS4_details" class="testMethodDetails">
                     <div>
                        <b>Name: </b>browser
                     </div>
                     <div>
                        <b>Signature: </b>browser()[pri:0, instance:test.Logintest@57536d79]
                     </div>
                     <div>
                        <b>Start time: </b>11:05:36
                     </div>
                     <div>
                        <b>End time: </b>11:05:41
                     </div>
                     <div>
                        <b>Duration: </b>5s
                        
                     </div>
                  </div>
               </td>
            </tr>
            <tr></tr>
            <tr id="test.Logintest_loginwthinvalidpass_byClass_PASS5_row"
                class="testMethodStatusPASS">
               <td width="100%" class="firstMethodCell">
                  <a onclick="toggleDetailsVisibility('test.Logintest_loginwthinvalidpass_byClass_PASS5_details')">loginwthinvalidpass()</a>
               </td>
               <td nowrap="true">11:05:41</td>
               <td nowrap="true" align="right">1s
                  
               </td>
               <td nowrap="true">
                   
                  
               </td>
            </tr>
            <tr>
               <td colspan="4" class="detailsBox">
                  <div id="test.Logintest_loginwthinvalidpass_byClass_PASS5_details"
                       class="testMethodDetails">
                     <div>
                        <b>Name: </b>loginwthinvalidpass
                     </div>
                     <div>
                        <b>Signature: </b>loginwthinvalidpass()[pri:0, instance:test.Logintest@57536d79]
                     </div>
                     <div>
                        <b>Start time: </b>11:05:41
                     </div>
                     <div>
                        <b>End time: </b>11:05:43
                     </div>
                     <div>
                        <b>Duration: </b>1s
                        
                     </div>
                  </div>
               </td>
            </tr>
            <tr></tr>
            <tr id="test.Logintest_afterEachMethod_byClass_PASS6_row"
                class="testMethodStatusPASS testMethodStatusCONF">
               <td width="100%" class="firstMethodCell">
                  <a onclick="toggleDetailsVisibility('test.Logintest_afterEachMethod_byClass_PASS6_details')">afterEachMethod()</a>
               </td>
               <td nowrap="true">11:05:43</td>
               <td nowrap="true" align="right">1s
                  
               </td>
               <td nowrap="true">
                   
                  
               </td>
            </tr>
            <tr>
               <td colspan="4" class="detailsBox">
                  <div id="test.Logintest_afterEachMethod_byClass_PASS6_details"
                       class="testMethodDetails">
                     <div>
                        <b>Name: </b>afterEachMethod
                     </div>
                     <div>
                        <b>Signature: </b>afterEachMethod()[pri:0, instance:test.Logintest@57536d79]
                     </div>
                     <div>
                        <b>Start time: </b>11:05:43
                     </div>
                     <div>
                        <b>End time: </b>11:05:44
                     </div>
                     <div>
                        <b>Duration: </b>1s
                        
                     </div>
                  </div>
               </td>
            </tr>
            <tr></tr>
            <tr id="test.Logintest_browser_byClass_PASS7_row"
                class="testMethodStatusPASS testMethodStatusCONF">
               <td width="100%" class="firstMethodCell">
                  <a onclick="toggleDetailsVisibility('test.Logintest_browser_byClass_PASS7_details')">browser()</a>
               </td>
               <td nowrap="true">11:05:44</td>
               <td nowrap="true" align="right">4s
                  
               </td>
               <td nowrap="true">
                   
                  
               </td>
            </tr>
            <tr>
               <td colspan="4" class="detailsBox">
                  <div id="test.Logintest_browser_byClass_PASS7_details" class="testMethodDetails">
                     <div>
                        <b>Name: </b>browser
                     </div>
                     <div>
                        <b>Signature: </b>browser()[pri:0, instance:test.Logintest@57536d79]
                     </div>
                     <div>
                        <b>Start time: </b>11:05:44
                     </div>
                     <div>
                        <b>End time: </b>11:05:49
                     </div>
                     <div>
                        <b>Duration: </b>4s
                        
                     </div>
                  </div>
               </td>
            </tr>
            <tr></tr>
            <tr id="test.Logintest_twitterlogin_byClass_PASS8_row" class="testMethodStatusPASS">
               <td width="100%" class="firstMethodCell">
                  <a onclick="toggleDetailsVisibility('test.Logintest_twitterlogin_byClass_PASS8_details')">twitterlogin()</a>
               </td>
               <td nowrap="true">11:05:49</td>
               <td nowrap="true" align="right">769 ms
                  
               </td>
               <td nowrap="true">
                   
                  
               </td>
            </tr>
            <tr>
               <td colspan="4" class="detailsBox">
                  <div id="test.Logintest_twitterlogin_byClass_PASS8_details"
                       class="testMethodDetails">
                     <div>
                        <b>Name: </b>twitterlogin
                     </div>
                     <div>
                        <b>Signature: </b>twitterlogin()[pri:0, instance:test.Logintest@57536d79]
                     </div>
                     <div>
                        <b>Start time: </b>11:05:49
                     </div>
                     <div>
                        <b>End time: </b>11:05:49
                     </div>
                     <div>
                        <b>Duration: </b>769 ms
                        
                     </div>
                  </div>
               </td>
            </tr>
            <tr></tr>
            <tr id="test.Logintest_afterEachMethod_byClass_PASS9_row"
                class="testMethodStatusPASS testMethodStatusCONF">
               <td width="100%" class="firstMethodCell">
                  <a onclick="toggleDetailsVisibility('test.Logintest_afterEachMethod_byClass_PASS9_details')">afterEachMethod()</a>
               </td>
               <td nowrap="true">11:05:49</td>
               <td nowrap="true" align="right">1s
                  
               </td>
               <td nowrap="true">
                   
                  
               </td>
            </tr>
            <tr>
               <td colspan="4" class="detailsBox">
                  <div id="test.Logintest_afterEachMethod_byClass_PASS9_details"
                       class="testMethodDetails">
                     <div>
                        <b>Name: </b>afterEachMethod
                     </div>
                     <div>
                        <b>Signature: </b>afterEachMethod()[pri:0, instance:test.Logintest@57536d79]
                     </div>
                     <div>
                        <b>Start time: </b>11:05:49
                     </div>
                     <div>
                        <b>End time: </b>11:05:51
                     </div>
                     <div>
                        <b>Duration: </b>1s
                        
                     </div>
                  </div>
               </td>
            </tr>
            <tr></tr>
            <tr id="test.Logintest_browser_byClass_PASS10_row"
                class="testMethodStatusPASS testMethodStatusCONF">
               <td width="100%" class="firstMethodCell">
                  <a onclick="toggleDetailsVisibility('test.Logintest_browser_byClass_PASS10_details')">browser()</a>
               </td>
               <td nowrap="true">11:05:51</td>
               <td nowrap="true" align="right">5s
                  
               </td>
               <td nowrap="true">
                   
                  
               </td>
            </tr>
            <tr>
               <td colspan="4" class="detailsBox">
                  <div id="test.Logintest_browser_byClass_PASS10_details" class="testMethodDetails">
                     <div>
                        <b>Name: </b>browser
                     </div>
                     <div>
                        <b>Signature: </b>browser()[pri:0, instance:test.Logintest@57536d79]
                     </div>
                     <div>
                        <b>Start time: </b>11:05:51
                     </div>
                     <div>
                        <b>End time: </b>11:05:56
                     </div>
                     <div>
                        <b>Duration: </b>5s
                        
                     </div>
                  </div>
               </td>
            </tr>
            <tr></tr>
            <tr id="test.Logintest_twitterurltest_byClass_PASS11_row"
                class="testMethodStatusPASS">
               <td width="100%" class="firstMethodCell">
                  <a onclick="toggleDetailsVisibility('test.Logintest_twitterurltest_byClass_PASS11_details')">twitterurltest()</a>
               </td>
               <td nowrap="true">11:05:56</td>
               <td nowrap="true" align="right">6 ms
                  
               </td>
               <td nowrap="true">
                   
                  
               </td>
            </tr>
            <tr>
               <td colspan="4" class="detailsBox">
                  <div id="test.Logintest_twitterurltest_byClass_PASS11_details"
                       class="testMethodDetails">
                     <div>
                        <b>Name: </b>twitterurltest
                     </div>
                     <div>
                        <b>Signature: </b>twitterurltest()[pri:0, instance:test.Logintest@57536d79]
                     </div>
                     <div>
                        <b>Start time: </b>11:05:56
                     </div>
                     <div>
                        <b>End time: </b>11:05:56
                     </div>
                     <div>
                        <b>Duration: </b>6 ms
                        
                     </div>
                  </div>
               </td>
            </tr>
            <tr></tr>
            <tr id="test.Logintest_afterEachMethod_byClass_PASS12_row"
                class="testMethodStatusPASS testMethodStatusCONF">
               <td width="100%" class="firstMethodCell">
                  <a onclick="toggleDetailsVisibility('test.Logintest_afterEachMethod_byClass_PASS12_details')">afterEachMethod()</a>
               </td>
               <td nowrap="true">11:05:56</td>
               <td nowrap="true" align="right">1s
                  
               </td>
               <td nowrap="true">
                   
                  
               </td>
            </tr>
            <tr>
               <td colspan="4" class="detailsBox">
                  <div id="test.Logintest_afterEachMethod_byClass_PASS12_details"
                       class="testMethodDetails">
                     <div>
                        <b>Name: </b>afterEachMethod
                     </div>
                     <div>
                        <b>Signature: </b>afterEachMethod()[pri:0, instance:test.Logintest@57536d79]
                     </div>
                     <div>
                        <b>Start time: </b>11:05:56
                     </div>
                     <div>
                        <b>End time: </b>11:05:57
                     </div>
                     <div>
                        <b>Duration: </b>1s
                        
                     </div>
                  </div>
               </td>
            </tr>
            <tr></tr>
         </table>
         <br></br>
      </div>
      <div style="margin-top: 15px; color: gray; text-align: center; font-size: 9px;">
         Generated with
         
         <a href="http://code.google.com/p/testng-xslt/" style="color: #8888aa;"
            target="_blank">
            TestNG XSLT
            
         </a>
      </div>
   </body>
</html>