<?xml version="1.0" encoding="UTF-8"?>
<!-- Generated by org.testng.reporters.JUnitXMLReporter -->
<testsuite hostname="DESKTOP-DKE3O53" ignored="0" name="testing" tests="5" failures="1" timestamp="2019-11-16T17:09:12 EST" time="39.204" errors="0">
  <testcase name="LogoVisibilityTest" time="0.0" classname="testing.Login">
    <failure type="org.testng.TestNGException" message="
Cannot inject @Test annotated Method [LogoVisibilityTest] with [class java.lang.String].
For more information on native dependency injection please refer to http://testng.org/doc/documentation-main.html#native-dependency-injection">
      <![CDATA[org.testng.TestNGException: 
Cannot inject @Test annotated Method [LogoVisibilityTest] with [class java.lang.String].
For more information on native dependency injection please refer to http://testng.org/doc/documentation-main.html#native-dependency-injection
at java.util.ArrayList.forEach(Unknown Source)
... Removed 26 stack frames]]>
    </failure>
  </testcase> <!-- LogoVisibilityTest -->
  <testcase name="twitterlogin" time="2.03" classname="testing.Login"/>
  <testcase name="loginwthinvalidpass" time="1.983" classname="testing.Login"/>
  <testcase name="twitterurltest" time="0.018" classname="testing.Login"/>
  <testcase name="LogoEnableTest" time="0.0" classname="testing.Login">
    <skipped/>
  </testcase> <!-- LogoEnableTest -->
</testsuite> <!-- testing -->
