<?xml version="1.0" encoding="UTF-8"?>
<testng-results skipped="1" failed="1" ignored="0" total="5" passed="3">
  <reporter-output>
  </reporter-output>
  <suite name="Suite" duration-ms="39204" started-at="2019-11-16T17:08:33 EST" finished-at="2019-11-16T17:09:12 EST">
    <groups>
    </groups>
    <test name="testing" duration-ms="39204" started-at="2019-11-16T17:08:33 EST" finished-at="2019-11-16T17:09:12 EST">
      <class name="testing.Login">
        <test-method status="FAIL" signature="LogoVisibilityTest(java.lang.String)[pri:0, instance:testing.Login@369f73a2]" name="LogoVisibilityTest" duration-ms="0" started-at="2019-11-16T17:08:33 EST" finished-at="2019-11-16T17:08:33 EST">
          <exception class="org.testng.TestNGException">
            <message>
              <![CDATA[
Cannot inject @Test annotated Method [LogoVisibilityTest] with [class java.lang.String].
For more information on native dependency injection please refer to http://testng.org/doc/documentation-main.html#native-dependency-injection]]>
            </message>
            <full-stacktrace>
              <![CDATA[org.testng.TestNGException: 
Cannot inject @Test annotated Method [LogoVisibilityTest] with [class java.lang.String].
For more information on native dependency injection please refer to http://testng.org/doc/documentation-main.html#native-dependency-injection
at org.testng.internal.Parameters.checkParameterTypes(Parameters.java:458)
at org.testng.internal.Parameters.createParametersForMethod(Parameters.java:372)
at org.testng.internal.Parameters.createParameters(Parameters.java:729)
at org.testng.internal.Parameters.handleParameters(Parameters.java:895)
at org.testng.internal.Parameters.handleParameters(Parameters.java:762)
at org.testng.internal.ParameterHandler.handleParameters(ParameterHandler.java:60)
at org.testng.internal.ParameterHandler.createParameters(ParameterHandler.java:39)
at org.testng.internal.TestInvoker$MethodInvocationAgent.invoke(TestInvoker.java:771)
at org.testng.internal.TestInvoker.invokeTestMethods(TestInvoker.java:145)
at org.testng.internal.TestMethodWorker.invokeTestMethods(TestMethodWorker.java:146)
at org.testng.internal.TestMethodWorker.run(TestMethodWorker.java:128)
at java.util.ArrayList.forEach(Unknown Source)
at org.testng.TestRunner.privateRun(TestRunner.java:770)
at org.testng.TestRunner.run(TestRunner.java:591)
at org.testng.SuiteRunner.runTest(SuiteRunner.java:402)
at org.testng.SuiteRunner.runSequentially(SuiteRunner.java:396)
at org.testng.SuiteRunner.privateRun(SuiteRunner.java:355)
at org.testng.SuiteRunner.run(SuiteRunner.java:304)
at org.testng.SuiteRunnerWorker.runSuite(SuiteRunnerWorker.java:53)
at org.testng.SuiteRunnerWorker.run(SuiteRunnerWorker.java:96)
at org.testng.TestNG.runSuitesSequentially(TestNG.java:1180)
at org.testng.TestNG.runSuitesLocally(TestNG.java:1102)
at org.testng.TestNG.runSuites(TestNG.java:1032)
at org.testng.TestNG.run(TestNG.java:1000)
at org.testng.remote.AbstractRemoteTestNG.run(AbstractRemoteTestNG.java:115)
at org.testng.remote.RemoteTestNG.initAndRun(RemoteTestNG.java:251)
at org.testng.remote.RemoteTestNG.main(RemoteTestNG.java:77)
]]>
            </full-stacktrace>
          </exception> <!-- org.testng.TestNGException -->
          <reporter-output>
          </reporter-output>
        </test-method> <!-- LogoVisibilityTest -->
        <test-method status="PASS" signature="browser()[pri:0, instance:testing.Login@369f73a2]" name="browser" is-config="true" duration-ms="11782" started-at="2019-11-16T17:08:33 EST" finished-at="2019-11-16T17:08:45 EST">
          <reporter-output>
          </reporter-output>
        </test-method> <!-- browser -->
        <test-method status="PASS" signature="twitterlogin()[pri:0, instance:testing.Login@369f73a2]" name="twitterlogin" duration-ms="2030" started-at="2019-11-16T17:08:45 EST" finished-at="2019-11-16T17:08:47 EST">
          <reporter-output>
          </reporter-output>
        </test-method> <!-- twitterlogin -->
        <test-method status="PASS" signature="afterEachMethod()[pri:0, instance:testing.Login@369f73a2]" name="afterEachMethod" is-config="true" duration-ms="711" started-at="2019-11-16T17:08:47 EST" finished-at="2019-11-16T17:08:47 EST">
          <reporter-output>
          </reporter-output>
        </test-method> <!-- afterEachMethod -->
        <test-method status="PASS" signature="browser()[pri:0, instance:testing.Login@369f73a2]" name="browser" is-config="true" duration-ms="10560" started-at="2019-11-16T17:08:47 EST" finished-at="2019-11-16T17:08:58 EST">
          <reporter-output>
          </reporter-output>
        </test-method> <!-- browser -->
        <test-method status="PASS" signature="loginwthinvalidpass()[pri:0, instance:testing.Login@369f73a2]" name="loginwthinvalidpass" duration-ms="1983" started-at="2019-11-16T17:08:58 EST" finished-at="2019-11-16T17:09:00 EST">
          <reporter-output>
          </reporter-output>
        </test-method> <!-- loginwthinvalidpass -->
        <test-method status="PASS" signature="afterEachMethod()[pri:0, instance:testing.Login@369f73a2]" name="afterEachMethod" is-config="true" duration-ms="746" started-at="2019-11-16T17:09:00 EST" finished-at="2019-11-16T17:09:01 EST">
          <reporter-output>
          </reporter-output>
        </test-method> <!-- afterEachMethod -->
        <test-method status="PASS" signature="browser()[pri:0, instance:testing.Login@369f73a2]" name="browser" is-config="true" duration-ms="10520" started-at="2019-11-16T17:09:01 EST" finished-at="2019-11-16T17:09:11 EST">
          <reporter-output>
          </reporter-output>
        </test-method> <!-- browser -->
        <test-method status="PASS" signature="twitterurltest()[pri:0, instance:testing.Login@369f73a2]" name="twitterurltest" duration-ms="18" started-at="2019-11-16T17:09:11 EST" finished-at="2019-11-16T17:09:11 EST">
          <reporter-output>
          </reporter-output>
        </test-method> <!-- twitterurltest -->
        <test-method status="PASS" signature="afterEachMethod()[pri:0, instance:testing.Login@369f73a2]" name="afterEachMethod" is-config="true" duration-ms="732" started-at="2019-11-16T17:09:11 EST" finished-at="2019-11-16T17:09:12 EST">
          <reporter-output>
          </reporter-output>
        </test-method> <!-- afterEachMethod -->
        <test-method status="SKIP" signature="LogoEnableTest(java.lang.String)[pri:0, instance:testing.Login@369f73a2]" name="LogoEnableTest" duration-ms="0" started-at="2019-11-16T17:09:12 EST" depends-on-methods="testing.Login.LogoVisibilityTest" finished-at="2019-11-16T17:09:12 EST">
          <exception class="java.lang.Throwable">
            <message>
              <![CDATA[Method Login.LogoEnableTest(java.lang.String)[pri:0, instance:testing.Login@369f73a2] depends on not successfully finished methods]]>
            </message>
            <full-stacktrace>
              <![CDATA[java.lang.Throwable: Method Login.LogoEnableTest(java.lang.String)[pri:0, instance:testing.Login@369f73a2] depends on not successfully finished methods
at org.testng.internal.TestInvoker.invokeTestMethods(TestInvoker.java:99)
at org.testng.internal.TestMethodWorker.invokeTestMethods(TestMethodWorker.java:146)
at org.testng.internal.TestMethodWorker.run(TestMethodWorker.java:128)
at java.util.ArrayList.forEach(Unknown Source)
at org.testng.TestRunner.privateRun(TestRunner.java:770)
at org.testng.TestRunner.run(TestRunner.java:591)
at org.testng.SuiteRunner.runTest(SuiteRunner.java:402)
at org.testng.SuiteRunner.runSequentially(SuiteRunner.java:396)
at org.testng.SuiteRunner.privateRun(SuiteRunner.java:355)
at org.testng.SuiteRunner.run(SuiteRunner.java:304)
at org.testng.SuiteRunnerWorker.runSuite(SuiteRunnerWorker.java:53)
at org.testng.SuiteRunnerWorker.run(SuiteRunnerWorker.java:96)
at org.testng.TestNG.runSuitesSequentially(TestNG.java:1180)
at org.testng.TestNG.runSuitesLocally(TestNG.java:1102)
at org.testng.TestNG.runSuites(TestNG.java:1032)
at org.testng.TestNG.run(TestNG.java:1000)
at org.testng.remote.AbstractRemoteTestNG.run(AbstractRemoteTestNG.java:115)
at org.testng.remote.RemoteTestNG.initAndRun(RemoteTestNG.java:251)
at org.testng.remote.RemoteTestNG.main(RemoteTestNG.java:77)
]]>
            </full-stacktrace>
          </exception> <!-- java.lang.Throwable -->
          <reporter-output>
          </reporter-output>
        </test-method> <!-- LogoEnableTest -->
      </class> <!-- testing.Login -->
    </test> <!-- testing -->
  </suite> <!-- Suite -->
</testng-results>
